<?xml version="1.0" encoding="UTF-8"?>
<!-- Generated by org.testng.reporters.JUnitXMLReporter -->
<testsuite ignored="4" hostname="EC2AMAZ-6D3ISV7" failures="0" tests="2" name="AutomationPractice" time="30.565" errors="0" timestamp="2022-04-16T16:17:16 UTC">
  <testcase classname="Sprint1.Day1" name="Opening" time="12.491"/>
  <testcase classname="Sprint1.Day2" name="Authenficate" time="0.718"/>
  <testcase classname="BaseModel.BaseClass" name="@BeforeTest setup" time="0.0">
    <ignored/>
  </testcase> <!-- @BeforeTest setup -->
  <testcase classname="BaseModel.BaseClass" name="@BeforeSuite config" time="0.0">
    <ignored/>
  </testcase> <!-- @BeforeSuite config -->
  <testcase classname="BaseModel.BaseClass" name="@AfterTest BrowserClosing" time="0.0">
    <ignored/>
  </testcase> <!-- @AfterTest BrowserClosing -->
  <testcase classname="BaseModel.BaseClass" name="@AfterSuite terminate" time="0.0">
    <ignored/>
  </testcase> <!-- @AfterSuite terminate -->
</testsuite> <!-- AutomationPractice -->
