<?xml version="1.0" encoding="UTF-8"?>
<!-- Generated by org.testng.reporters.JUnitXMLReporter -->
<testsuite ignored="12" hostname="EC2AMAZ-6D3ISV7" failures="0" tests="4" name="AutomationPractice" time="49.122" errors="0" timestamp="2022-04-23T16:11:35 UTC">
  <testcase classname="Sprint1.Day1" name="Opening" time="15.766"/>
  <testcase classname="Sprint1.Day2" name="Authenficate" time="0.644"/>
  <testcase classname="Sprint1.Day3" name="CreateAccount" time="3.498"/>
  <testcase classname="Sprint1.Day4" name="CreateAccount2" time="10.845"/>
  <testcase classname="BaseModel.BaseClass" name="@BeforeTest setup" time="0.0">
    <ignored/>
  </testcase> <!-- @BeforeTest setup -->
  <testcase classname="BaseModel.BaseClass" name="@BeforeTest setup" time="0.0">
    <ignored/>
  </testcase> <!-- @BeforeTest setup -->
  <testcase classname="BaseModel.BaseClass" name="@BeforeTest setup" time="0.0">
    <ignored/>
  </testcase> <!-- @BeforeTest setup -->
  <testcase classname="BaseModel.BaseClass" name="@BeforeSuite config" time="0.0">
    <ignored/>
  </testcase> <!-- @BeforeSuite config -->
  <testcase classname="BaseModel.BaseClass" name="@BeforeSuite config" time="0.0">
    <ignored/>
  </testcase> <!-- @BeforeSuite config -->
  <testcase classname="BaseModel.BaseClass" name="@BeforeSuite config" time="0.0">
    <ignored/>
  </testcase> <!-- @BeforeSuite config -->
  <testcase classname="BaseModel.BaseClass" name="@AfterTest BrowserClosing" time="0.0">
    <ignored/>
  </testcase> <!-- @AfterTest BrowserClosing -->
  <testcase classname="BaseModel.BaseClass" name="@AfterTest BrowserClosing" time="0.0">
    <ignored/>
  </testcase> <!-- @AfterTest BrowserClosing -->
  <testcase classname="BaseModel.BaseClass" name="@AfterTest BrowserClosing" time="0.0">
    <ignored/>
  </testcase> <!-- @AfterTest BrowserClosing -->
  <testcase classname="BaseModel.BaseClass" name="@AfterSuite terminate" time="0.0">
    <ignored/>
  </testcase> <!-- @AfterSuite terminate -->
  <testcase classname="BaseModel.BaseClass" name="@AfterSuite terminate" time="0.0">
    <ignored/>
  </testcase> <!-- @AfterSuite terminate -->
  <testcase classname="BaseModel.BaseClass" name="@AfterSuite terminate" time="0.0">
    <ignored/>
  </testcase> <!-- @AfterSuite terminate -->
</testsuite> <!-- AutomationPractice -->
