<?xml version="1.0" encoding="UTF-8"?>
<testng-results ignored="0" total="1" passed="1" failed="0" skipped="0">
  <reporter-output>
  </reporter-output>
  <suite started-at="2022-04-24T16:36:59 UTC" name="Default suite" finished-at="2022-04-24T16:37:37 UTC" duration-ms="38136">
    <groups>
    </groups>
    <test started-at="2022-04-24T16:36:59 UTC" name="Default test" finished-at="2022-04-24T16:37:37 UTC" duration-ms="38136">
      <class name="Sprint1.Day5">
        <test-method is-config="true" signature="config()[pri:0, instance:Sprint1.Day5@418e7838]" started-at="2022-04-24T16:36:59 UTC" name="config" finished-at="2022-04-24T16:36:59 UTC" duration-ms="14" status="PASS">
          <reporter-output>
          </reporter-output>
        </test-method> <!-- config -->
        <test-method is-config="true" signature="setup()[pri:0, instance:Sprint1.Day5@418e7838]" started-at="2022-04-24T16:36:59 UTC" name="setup" finished-at="2022-04-24T16:37:14 UTC" duration-ms="15066" status="PASS">
          <reporter-output>
          </reporter-output>
        </test-method> <!-- setup -->
        <test-method is-config="true" signature="Synchronize()[pri:0, instance:Sprint1.Day5@418e7838]" started-at="2022-04-24T16:37:14 UTC" name="Synchronize" finished-at="2022-04-24T16:37:14 UTC" duration-ms="10" status="PASS">
          <reporter-output>
          </reporter-output>
        </test-method> <!-- Synchronize -->
        <test-method is-config="true" signature="BrowserConfig()[pri:0, instance:Sprint1.Day5@418e7838]" started-at="2022-04-24T16:37:14 UTC" name="BrowserConfig" finished-at="2022-04-24T16:37:14 UTC" duration-ms="222" status="PASS">
          <reporter-output>
          </reporter-output>
        </test-method> <!-- BrowserConfig -->
        <test-method signature="signin()[pri:5, instance:Sprint1.Day5@418e7838]" started-at="2022-04-24T16:37:14 UTC" name="signin" finished-at="2022-04-24T16:37:27 UTC" duration-ms="13301" status="PASS">
          <reporter-output>
          </reporter-output>
        </test-method> <!-- signin -->
        <test-method is-config="true" signature="validations()[pri:0, instance:Sprint1.Day5@418e7838]" started-at="2022-04-24T16:37:27 UTC" name="validations" finished-at="2022-04-24T16:37:27 UTC" duration-ms="1" status="PASS">
          <reporter-output>
          </reporter-output>
        </test-method> <!-- validations -->
        <test-method is-config="true" signature="PageValidations()[pri:0, instance:Sprint1.Day5@418e7838]" started-at="2022-04-24T16:37:27 UTC" name="PageValidations" finished-at="2022-04-24T16:37:27 UTC" duration-ms="0" status="PASS">
          <reporter-output>
          </reporter-output>
        </test-method> <!-- PageValidations -->
        <test-method is-config="true" signature="BrowserClosing()[pri:0, instance:Sprint1.Day5@418e7838]" started-at="2022-04-24T16:37:27 UTC" name="BrowserClosing" finished-at="2022-04-24T16:37:37 UTC" duration-ms="9477" status="PASS">
          <reporter-output>
          </reporter-output>
        </test-method> <!-- BrowserClosing -->
        <test-method is-config="true" signature="terminate()[pri:0, instance:Sprint1.Day5@418e7838]" started-at="2022-04-24T16:37:37 UTC" name="terminate" finished-at="2022-04-24T16:37:37 UTC" duration-ms="144" status="PASS">
          <reporter-output>
          </reporter-output>
        </test-method> <!-- terminate -->
      </class> <!-- Sprint1.Day5 -->
    </test> <!-- Default test -->
  </suite> <!-- Default suite -->
</testng-results>
