<?xml version="1.0" encoding="UTF-8"?>
<testng-results ignored="0" total="1" passed="1" failed="0" skipped="0">
  <reporter-output>
  </reporter-output>
  <suite started-at="2022-04-10T16:18:44 UTC" name="Default suite" finished-at="2022-04-10T16:19:16 UTC" duration-ms="32587">
    <groups>
    </groups>
    <test started-at="2022-04-10T16:18:44 UTC" name="Default test" finished-at="2022-04-10T16:19:16 UTC" duration-ms="32587">
      <class name="Sprint1.Day1">
        <test-method is-config="true" signature="config()[pri:0, instance:Sprint1.Day1@418e7838]" started-at="2022-04-10T16:18:44 UTC" name="config" finished-at="2022-04-10T16:18:44 UTC" duration-ms="17" status="PASS">
          <reporter-output>
          </reporter-output>
        </test-method> <!-- config -->
        <test-method is-config="true" signature="setup()[pri:0, instance:Sprint1.Day1@418e7838]" started-at="2022-04-10T16:18:44 UTC" name="setup" finished-at="2022-04-10T16:18:59 UTC" duration-ms="15199" status="PASS">
          <reporter-output>
          </reporter-output>
        </test-method> <!-- setup -->
        <test-method is-config="true" signature="Synchronize()[pri:0, instance:Sprint1.Day1@418e7838]" started-at="2022-04-10T16:18:59 UTC" name="Synchronize" finished-at="2022-04-10T16:18:59 UTC" duration-ms="16" status="PASS">
          <reporter-output>
          </reporter-output>
        </test-method> <!-- Synchronize -->
        <test-method is-config="true" signature="BrowserConfig()[pri:0, instance:Sprint1.Day1@418e7838]" started-at="2022-04-10T16:18:59 UTC" name="BrowserConfig" finished-at="2022-04-10T16:18:59 UTC" duration-ms="281" status="PASS">
          <reporter-output>
          </reporter-output>
        </test-method> <!-- BrowserConfig -->
        <test-method signature="Opening()[pri:0, instance:Sprint1.Day1@418e7838]" started-at="2022-04-10T16:18:59 UTC" name="Opening" finished-at="2022-04-10T16:19:14 UTC" duration-ms="14705" status="PASS">
          <reporter-output>
          </reporter-output>
        </test-method> <!-- Opening -->
        <test-method is-config="true" signature="validations()[pri:0, instance:Sprint1.Day1@418e7838]" started-at="2022-04-10T16:19:14 UTC" name="validations" finished-at="2022-04-10T16:19:14 UTC" duration-ms="2" status="PASS">
          <reporter-output>
          </reporter-output>
        </test-method> <!-- validations -->
        <test-method is-config="true" signature="PageValidations()[pri:0, instance:Sprint1.Day1@418e7838]" started-at="2022-04-10T16:19:14 UTC" name="PageValidations" finished-at="2022-04-10T16:19:14 UTC" duration-ms="1" status="PASS">
          <reporter-output>
          </reporter-output>
        </test-method> <!-- PageValidations -->
        <test-method is-config="true" signature="BrowserClosing()[pri:0, instance:Sprint1.Day1@418e7838]" started-at="2022-04-10T16:19:14 UTC" name="BrowserClosing" finished-at="2022-04-10T16:19:16 UTC" duration-ms="2289" status="PASS">
          <reporter-output>
          </reporter-output>
        </test-method> <!-- BrowserClosing -->
        <test-method is-config="true" signature="terminate()[pri:0, instance:Sprint1.Day1@418e7838]" started-at="2022-04-10T16:19:17 UTC" name="terminate" finished-at="2022-04-10T16:19:17 UTC" duration-ms="83" status="PASS">
          <reporter-output>
          </reporter-output>
        </test-method> <!-- terminate -->
      </class> <!-- Sprint1.Day1 -->
    </test> <!-- Default test -->
  </suite> <!-- Default suite -->
</testng-results>
